<?xml version="1.0" encoding="UTF-8"?>
<!-- Generated by org.testng.reporters.JUnitReportReporter -->
<testsuite hostname="N-101" failures="0" tests="8" name="search.SearchTest" time="36.138" errors="0" timestamp="2020-03-09T15:57:15 ART" skipped="6">
  <testcase classname="search.SearchTest" name="searchByDressChangeToBlueColor" time="17.280"/>
  <testcase classname="search.SearchTest" name="searchOrangeShoe" time="18.858"/>
  <testcase classname="search.SearchTest" name="filterWomenResultIndex">
    <skipped/>
  </testcase> <!-- filterWomenResultIndex -->
  <testcase classname="search.SearchTest" name="filterWomenResultName">
    <skipped/>
  </testcase> <!-- filterWomenResultName -->
  <testcase classname="search.SearchTest" name="filterWomenBy">
    <skipped/>
  </testcase> <!-- filterWomenBy -->
  <testcase classname="search.SearchTest" name="searchCeroResults">
    <skipped/>
  </testcase> <!-- searchCeroResults -->
  <testcase classname="search.SearchTest" name="searchByDress">
    <skipped/>
  </testcase> <!-- searchByDress -->
  <testcase classname="search.SearchTest" name="searchNoResults">
    <skipped/>
  </testcase> <!-- searchNoResults -->
</testsuite> <!-- search.SearchTest -->
