<?xml version="1.0" encoding="UTF-8"?>
<!-- Generated by org.testng.reporters.JUnitReportReporter -->
<testsuite hostname="N-101" failures="0" tests="1" name="selections.WomenSelectionText" time="20.667" errors="0" timestamp="2020-03-11T15:50:14 ART" skipped="0">
  <testcase classname="selections.WomenSelectionText" name="searchByChecks" time="20.667"/>
</testsuite> <!-- selections.WomenSelectionText -->
