<?xml version="1.0" encoding="UTF-8"?>
<!-- Generated by org.testng.reporters.JUnitReportReporter -->
<testsuite hostname="N-101" failures="0" tests="6" name="search.SearchTest" time="20.398" errors="0" timestamp="2020-03-04T16:28:43 ART" skipped="5">
  <testcase classname="search.SearchTest" name="filterWomenResultIndex" time="20.398"/>
  <testcase classname="search.SearchTest" name="filterWomenResultName">
    <skipped/>
  </testcase> <!-- filterWomenResultName -->
  <testcase classname="search.SearchTest" name="filterWomenBy">
    <skipped/>
  </testcase> <!-- filterWomenBy -->
  <testcase classname="search.SearchTest" name="searchCeroResults">
    <skipped/>
  </testcase> <!-- searchCeroResults -->
  <testcase classname="search.SearchTest" name="searchByDress">
    <skipped/>
  </testcase> <!-- searchByDress -->
  <testcase classname="search.SearchTest" name="searchNoResults">
    <skipped/>
  </testcase> <!-- searchNoResults -->
</testsuite> <!-- search.SearchTest -->
