<?xml version="1.0" encoding="UTF-8"?>
<!-- Generated by org.testng.reporters.JUnitReportReporter -->
<testsuite hostname="N-101" failures="0" tests="4" name="calculadora.matematicaTest" time="0.010" errors="0" timestamp="2020-03-04T16:28:43 ART" skipped="0">
  <testcase classname="calculadora.matematicaTest" name="suma" time="0.000"/>
  <testcase classname="calculadora.matematicaTest" name="multiplicacion" time="0.001"/>
  <testcase classname="calculadora.matematicaTest" name="division" time="0.009"/>
  <testcase classname="calculadora.matematicaTest" name="resta" time="0.000"/>
</testsuite> <!-- calculadora.matematicaTest -->
